{
  "RSpec": {
    "coverage": {
      "/home/karol/ruby1/day4/shop.rb": [
        1,
        1,
        null,
        18,
        null,
        1,
        1,
        null,
        null,
        null,
        null,
        null,
        1,
        null,
        null,
        null,
        null,
        null,
        1,
        null,
        1,
        1,
        1,
        1,
        null,
        null,
        1,
        4,
        4,
        null,
        null,
        1,
        2,
        2,
        0,
        null,
        null,
        1,
        2,
        0,
        0,
        0,
        null,
        null,
        1,
        5,
        5,
        4,
        4,
        null,
        1,
        null,
        null,
        null,
        1,
        0,
        0,
        null,
        null,
        null
      ],
      "/home/karol/ruby1/day4/lib/model/warehouse.rb": [
        1,
        1,
        1,
        1,
        null,
        1,
        7,
        7,
        null,
        null,
        1,
        18,
        null,
        null,
        1,
        null,
        1,
        7,
        6,
        6,
        null,
        null,
        null
      ],
      "/home/karol/ruby1/day4/lib/model/basket.rb": [
        1,
        1,
        1,
        1,
        null,
        1,
        null,
        1,
        8,
        8,
        7,
        null,
        null,
        1,
        4,
        null,
        null,
        1,
        2,
        2,
        null,
        null,
        1,
        0,
        null,
        null,
        1,
        null,
        1,
        7,
        null,
        null,
        1,
        8,
        7,
        7,
        null,
        null,
        1,
        0,
        null,
        null,
        null
      ],
      "/home/karol/ruby1/day4/lib/model/product.rb": [
        1,
        1,
        1,
        null,
        1,
        null,
        1,
        12,
        12,
        12,
        null,
        null,
        1,
        1,
        12,
        null,
        null,
        1,
        12,
        11,
        11,
        null,
        null,
        null
      ],
      "/home/karol/ruby1/day4/lib/services/my_error.rb": [
        1,
        1,
        1,
        0,
        null,
        null,
        null
      ],
      "/home/karol/ruby1/day4/lib/services/remove_product_from_basket.rb": [
        1,
        1,
        1,
        1,
        null,
        1,
        1,
        1,
        null,
        null,
        1,
        1,
        1,
        0,
        null,
        null,
        1,
        1,
        0,
        0,
        0,
        0,
        null,
        0,
        null,
        null,
        null,
        null
      ],
      "/home/karol/ruby1/day4/lib/services/fetch_basket_sum_gross.rb": [
        1,
        1,
        1,
        0,
        null,
        null,
        null
      ],
      "/home/karol/ruby1/day4/lib/services/fetch_baskets.rb": [
        1,
        1,
        1,
        0,
        null,
        null,
        null
      ],
      "/home/karol/ruby1/day4/lib/services/fetch_basket_items.rb": [
        1,
        1,
        1,
        2,
        null,
        null,
        null,
        null,
        null,
        null,
        2,
        null,
        null,
        null,
        null
      ],
      "/home/karol/ruby1/day4/lib/services/fetch_warehouse.rb": [
        1,
        1,
        1,
        0,
        null,
        null,
        null
      ],
      "/home/karol/ruby1/day4/lib/services/fetch_product.rb": [
        1,
        1,
        1,
        25,
        26,
        null,
        null,
        null,
        null
      ],
      "/home/karol/ruby1/day4/lib/services/fetch_basket_sum_net.rb": [
        1,
        1,
        1,
        0,
        null,
        null,
        null
      ],
      "/home/karol/ruby1/day4/lib/services/add_product_to_basket.rb": [
        1,
        1,
        1,
        null,
        1,
        6,
        5,
        null,
        null,
        1,
        5,
        null,
        5,
        null,
        null,
        null,
        2,
        null,
        3,
        null,
        null,
        null,
        1,
        3,
        null,
        null,
        null
      ],
      "/home/karol/ruby1/day4/lib/services/fetch_warehouse_items.rb": [
        1,
        1,
        1,
        6,
        null,
        null,
        null,
        null,
        18,
        null,
        null,
        null,
        null
      ],
      "/home/karol/ruby1/day4/lib/services/fetch_products.rb": [
        1,
        1,
        1,
        1,
        null,
        null,
        null
      ],
      "/home/karol/ruby1/day4/lib/services/fetch_warehouse_item.rb": [
        1,
        1,
        1,
        8,
        null,
        null,
        null
      ],
      "/home/karol/ruby1/day4/lib/services/fetch_basket_item.rb": [
        1,
        1,
        1,
        11,
        null,
        null,
        null
      ],
      "/home/karol/ruby1/day4/lib/services/remove_product_from_warehouse.rb": [
        1,
        1,
        1,
        1,
        null,
        1,
        4,
        4,
        null,
        null,
        1,
        4,
        4,
        4,
        null,
        null,
        1,
        1,
        4,
        4,
        0,
        0,
        null,
        0,
        null,
        null,
        null,
        null
      ],
      "/home/karol/ruby1/day4/spec/requests/products/show_spec.rb": [
        1,
        null,
        1,
        1,
        1,
        2,
        null,
        null,
        1,
        1,
        null,
        null,
        1,
        1,
        null,
        null,
        null,
        1,
        3,
        null,
        1,
        2,
        null,
        null,
        1,
        0,
        null,
        null,
        1,
        0,
        null,
        null,
        null,
        1,
        1,
        2,
        null,
        null
      ],
      "/home/karol/ruby1/day4/spec/requests/root_spec.rb": [
        1,
        null,
        1,
        1,
        4,
        null,
        null,
        1,
        0,
        null,
        null,
        1,
        0,
        null,
        null,
        1,
        0,
        null,
        null,
        1,
        0,
        null,
        null,
        1,
        1,
        4,
        null,
        null
      ],
      "/home/karol/ruby1/day4/spec/unit/model/basket_spec.rb": [
        1,
        1,
        null,
        1,
        1,
        5,
        4,
        1,
        null,
        3,
        null,
        1,
        2,
        null,
        null,
        1,
        1,
        1,
        null,
        null,
        null,
        1,
        1,
        1,
        null,
        null,
        1,
        2,
        null,
        null,
        null,
        null
      ],
      "/home/karol/ruby1/day4/spec/unit/model/product_spec.rb": [
        1,
        null,
        1,
        1,
        3,
        5,
        1,
        null,
        2,
        null,
        1,
        2,
        null,
        null,
        1,
        1,
        1,
        null,
        null,
        null,
        1,
        1,
        1,
        null,
        null,
        1,
        2,
        null,
        null,
        null,
        null
      ],
      "/home/karol/ruby1/day4/spec/unit/model/warehouse_spec.rb": [
        1,
        1,
        null,
        1,
        1,
        5,
        4,
        null,
        3,
        null,
        1,
        2,
        null,
        null,
        1,
        1,
        1,
        null,
        null,
        null,
        1,
        1,
        1,
        null,
        null,
        1,
        2,
        null,
        null,
        null,
        null
      ],
      "/home/karol/ruby1/day4/spec/unit/services/add_product_to_basket_spec.rb": [
        1,
        1,
        1,
        1,
        1,
        null,
        1,
        1,
        1,
        1,
        2,
        1,
        2,
        2,
        1,
        2,
        2,
        null,
        2,
        null,
        1,
        1,
        1,
        1,
        null,
        null,
        1,
        1,
        1,
        null,
        null,
        null,
        null
      ],
      "/home/karol/ruby1/day4/spec/unit/services/fetch_product_spec.rb": [
        1,
        1,
        null,
        1,
        1,
        1,
        2,
        null,
        2,
        null,
        1,
        1,
        1,
        null,
        null,
        1,
        1,
        1,
        null,
        null,
        null,
        null
      ],
      "/home/karol/ruby1/day4/spec/unit/services/fetch_products_spec.rb": [
        1,
        1,
        null,
        1,
        1,
        1,
        2,
        2,
        null,
        2,
        null,
        1,
        1,
        1,
        1,
        null,
        null,
        1,
        1,
        1,
        null,
        null,
        null,
        null
      ],
      "/home/karol/ruby1/day4/spec/unit/services/remove_product_from_basket_spec.rb": [
        1,
        1,
        1,
        1,
        1,
        1,
        null,
        1,
        1,
        1,
        1,
        2,
        1,
        2,
        2,
        1,
        2,
        2,
        null,
        1,
        2,
        null,
        1,
        1,
        1,
        1,
        null,
        null,
        1,
        1,
        1,
        null,
        null,
        null,
        null
      ]
    },
    "timestamp": 1468685826
  }
}
